INFO: Running with entropic power schedule (0xFF, 100).
INFO: Seed: 1328061792
INFO: Loaded 1 modules   (321 inline 8-bit counters): 321 [0xaaaacd43d430, 0xaaaacd43d571), 
INFO: Loaded 1 PC tables (321 PCs): 321 [0xaaaacd43d578,0xaaaacd43e988), 
INFO:      179 files found in seeds/
INFO: -max_len is not provided; libFuzzer will not generate inputs larger than 4096 bytes
INFO: seed corpus: files: 179 min: 1b max: 3680b total: 74837b rss: 38Mb
AddressSanitizer:DEADLYSIGNAL
=================================================================
==24062==ERROR: AddressSanitizer: SEGV on unknown address 0x000000000008 (pc 0xaaaacd3ebda4 bp 0xffffd53b5740 sp 0xffffd53b56e0 T0)
==24062==The signal is caused by a READ memory access.
==24062==Hint: address points to the zero page.
    #0 0xaaaacd3ebda4 in convert_color_palette_to_image /home/robb/Desktop/software-security-2023/lab0x03/libfuzzer/pngparser.c:404:70
    #1 0xaaaacd3edd84 in load_png /home/robb/Desktop/software-security-2023/lab0x03/libfuzzer/pngparser.c:764:10
    #2 0xaaaacd3e9e0c in LLVMFuzzerTestOneInput /home/robb/Desktop/software-security-2023/lab0x03/libfuzzer/fuzzer_load_png.cc:19:7
    #3 0xaaaacd323c84 in fuzzer::Fuzzer::ExecuteCallback(unsigned char const*, unsigned long) (/home/robb/Desktop/software-security-2023/lab0x03/libfuzzer/fuzzer_load_png+0x43c84) (BuildId: 986ae3876b1d64a6867cb0b65a68749fd8cbcbf1)
    #4 0xaaaacd323498 in fuzzer::Fuzzer::RunOne(unsigned char const*, unsigned long, bool, fuzzer::InputInfo*, bool, bool*) (/home/robb/Desktop/software-security-2023/lab0x03/libfuzzer/fuzzer_load_png+0x43498) (BuildId: 986ae3876b1d64a6867cb0b65a68749fd8cbcbf1)
    #5 0xaaaacd32506c in fuzzer::Fuzzer::ReadAndExecuteSeedCorpora(std::vector<fuzzer::SizedFile, std::allocator<fuzzer::SizedFile> >&) (/home/robb/Desktop/software-security-2023/lab0x03/libfuzzer/fuzzer_load_png+0x4506c) (BuildId: 986ae3876b1d64a6867cb0b65a68749fd8cbcbf1)
    #6 0xaaaacd32557c in fuzzer::Fuzzer::Loop(std::vector<fuzzer::SizedFile, std::allocator<fuzzer::SizedFile> >&) (/home/robb/Desktop/software-security-2023/lab0x03/libfuzzer/fuzzer_load_png+0x4557c) (BuildId: 986ae3876b1d64a6867cb0b65a68749fd8cbcbf1)
    #7 0xaaaacd314834 in fuzzer::FuzzerDriver(int*, char***, int (*)(unsigned char const*, unsigned long)) (/home/robb/Desktop/software-security-2023/lab0x03/libfuzzer/fuzzer_load_png+0x34834) (BuildId: 986ae3876b1d64a6867cb0b65a68749fd8cbcbf1)
    #8 0xaaaacd33bd2c in main (/home/robb/Desktop/software-security-2023/lab0x03/libfuzzer/fuzzer_load_png+0x5bd2c) (BuildId: 986ae3876b1d64a6867cb0b65a68749fd8cbcbf1)
    #9 0xffff9d3573f8 in __libc_start_call_main csu/../sysdeps/nptl/libc_start_call_main.h:58:16
    #10 0xffff9d3574c8 in __libc_start_main csu/../csu/libc-start.c:392:3
    #11 0xaaaacd30ac6c in _start (/home/robb/Desktop/software-security-2023/lab0x03/libfuzzer/fuzzer_load_png+0x2ac6c) (BuildId: 986ae3876b1d64a6867cb0b65a68749fd8cbcbf1)

AddressSanitizer can not provide additional info.
SUMMARY: AddressSanitizer: SEGV /home/robb/Desktop/software-security-2023/lab0x03/libfuzzer/pngparser.c:404:70 in convert_color_palette_to_image
==24062==ABORTING
MS: 0 ; base unit: 0000000000000000000000000000000000000000
artifact_prefix='./'; Test unit written to ./crash-7007ca7c8722c4b8ecb30f887470003783c29abf