INFO: Running with entropic power schedule (0xFF, 100).
INFO: Seed: 4266784748
INFO: Loaded 1 modules   (318 inline 8-bit counters): 318 [0xaaaabce9d370, 0xaaaabce9d4ae), 
INFO: Loaded 1 PC tables (318 PCs): 318 [0xaaaabce9d4b0,0xaaaabce9e890), 
./fuzzer_load_png: Running 1 inputs 1 time(s) each.
Running: oom-2f8689fdbb315c94dbf0847d4651c0db702fee83
==8124== ERROR: libFuzzer: out-of-memory (malloc(3271557126))
   To change the out-of-memory limit use -rss_limit_mb=<N>

    #0 0xaaaabce1cb48 in __sanitizer_print_stack_trace (/home/robb/Desktop/software-security-2023/lab0x03/libfuzzer/fuzzer_load_png+0xdcb48) (BuildId: e6a1ffb02e8c511d63e4db3c108057600a849f57)
    #1 0xaaaabcd9b418 in fuzzer::PrintStackTrace() (/home/robb/Desktop/software-security-2023/lab0x03/libfuzzer/fuzzer_load_png+0x5b418) (BuildId: e6a1ffb02e8c511d63e4db3c108057600a849f57)
    #2 0xaaaabcd81a04 in fuzzer::Fuzzer::HandleMalloc(unsigned long) (/home/robb/Desktop/software-security-2023/lab0x03/libfuzzer/fuzzer_load_png+0x41a04) (BuildId: e6a1ffb02e8c511d63e4db3c108057600a849f57)
    #3 0xaaaabcd81908 in fuzzer::MallocHook(void const volatile*, unsigned long) (/home/robb/Desktop/software-security-2023/lab0x03/libfuzzer/fuzzer_load_png+0x41908) (BuildId: e6a1ffb02e8c511d63e4db3c108057600a849f57)
    #4 0xaaaabce237a8 in __sanitizer::RunMallocHooks(void const*, unsigned long) (/home/robb/Desktop/software-security-2023/lab0x03/libfuzzer/fuzzer_load_png+0xe37a8) (BuildId: e6a1ffb02e8c511d63e4db3c108057600a849f57)
    #5 0xaaaabcd9d4f4 in __asan::Allocator::Allocate(unsigned long, unsigned long, __sanitizer::BufferedStackTrace*, __asan::AllocType, bool) (/home/robb/Desktop/software-security-2023/lab0x03/libfuzzer/fuzzer_load_png+0x5d4f4) (BuildId: e6a1ffb02e8c511d63e4db3c108057600a849f57)
    #6 0xaaaabcd9cf00 in __asan::asan_malloc(unsigned long, __sanitizer::BufferedStackTrace*) (/home/robb/Desktop/software-security-2023/lab0x03/libfuzzer/fuzzer_load_png+0x5cf00) (BuildId: e6a1ffb02e8c511d63e4db3c108057600a849f57)
    #7 0xaaaabce12cec in malloc (/home/robb/Desktop/software-security-2023/lab0x03/libfuzzer/fuzzer_load_png+0xd2cec) (BuildId: e6a1ffb02e8c511d63e4db3c108057600a849f57)
    #8 0xaaaabce4ae30 in read_png_chunk /home/robb/Desktop/software-security-2023/lab0x03/libfuzzer/pngparser.c:250:25
    #9 0xaaaabce4d80c in load_png /home/robb/Desktop/software-security-2023/lab0x03/libfuzzer/pngparser.c:614:11
    #10 0xaaaabce49c8c in LLVMFuzzerTestOneInput /home/robb/Desktop/software-security-2023/lab0x03/libfuzzer/fuzzer_load_png.cc:19:7
    #11 0xaaaabcd83b04 in fuzzer::Fuzzer::ExecuteCallback(unsigned char const*, unsigned long) (/home/robb/Desktop/software-security-2023/lab0x03/libfuzzer/fuzzer_load_png+0x43b04) (BuildId: e6a1ffb02e8c511d63e4db3c108057600a849f57)
    #12 0xaaaabcd6f038 in fuzzer::RunOneTest(fuzzer::Fuzzer*, char const*, unsigned long) (/home/robb/Desktop/software-security-2023/lab0x03/libfuzzer/fuzzer_load_png+0x2f038) (BuildId: e6a1ffb02e8c511d63e4db3c108057600a849f57)
    #13 0xaaaabcd745b4 in fuzzer::FuzzerDriver(int*, char***, int (*)(unsigned char const*, unsigned long)) (/home/robb/Desktop/software-security-2023/lab0x03/libfuzzer/fuzzer_load_png+0x345b4) (BuildId: e6a1ffb02e8c511d63e4db3c108057600a849f57)
    #14 0xaaaabcd9bbac in main (/home/robb/Desktop/software-security-2023/lab0x03/libfuzzer/fuzzer_load_png+0x5bbac) (BuildId: e6a1ffb02e8c511d63e4db3c108057600a849f57)
    #15 0xffffa22e73f8 in __libc_start_call_main csu/../sysdeps/nptl/libc_start_call_main.h:58:16
    #16 0xffffa22e74c8 in __libc_start_main csu/../csu/libc-start.c:392:3
    #17 0xaaaabcd6aaec in _start (/home/robb/Desktop/software-security-2023/lab0x03/libfuzzer/fuzzer_load_png+0x2aaec) (BuildId: e6a1ffb02e8c511d63e4db3c108057600a849f57)

SUMMARY: libFuzzer: out-of-memory