INFO: Running with entropic power schedule (0xFF, 100).
INFO: Seed: 3094273755
INFO: Loaded 1 modules   (319 inline 8-bit counters): 319 [0xaaaab77ad2f0, 0xaaaab77ad42f), 
INFO: Loaded 1 PC tables (319 PCs): 319 [0xaaaab77ad430,0xaaaab77ae820), 
INFO:       52 files found in seeds/
INFO: -max_len is not provided; libFuzzer will not generate inputs larger than 4096 bytes
AddressSanitizer:DEADLYSIGNAL
=================================================================
==11947==ERROR: AddressSanitizer: SEGV on unknown address 0x000000000000 (pc 0xffff89418988 bp 0xffffc2ecd9e0 sp 0xffffc2ecd9e0 T0)
==11947==The signal is caused by a READ memory access.
==11947==Hint: address points to the zero page.
    #0 0xffff89418988 in fclose libio/./libio/iofclose.c:48:9
    #1 0xaaaab76f7f90 in fclose (/home/robb/Desktop/software-security-2023/lab0x03/libfuzzer/fuzzer_load_png_name+0xa7f90) (BuildId: ec158b8a98c4009ef1e61f5a0325b02d6b029bad)
    #2 0xaaaab775cecc in load_png /home/robb/Desktop/software-security-2023/lab0x03/libfuzzer/pngparser.c:815:3
    #3 0xaaaab7759c08 in LLVMFuzzerTestOneInput /home/robb/Desktop/software-security-2023/lab0x03/libfuzzer/fuzzer_load_png_name.cc:18:7
    #4 0xaaaab7693a44 in fuzzer::Fuzzer::ExecuteCallback(unsigned char const*, unsigned long) (/home/robb/Desktop/software-security-2023/lab0x03/libfuzzer/fuzzer_load_png_name+0x43a44) (BuildId: ec158b8a98c4009ef1e61f5a0325b02d6b029bad)
    #5 0xaaaab7694d78 in fuzzer::Fuzzer::ReadAndExecuteSeedCorpora(std::vector<fuzzer::SizedFile, std::allocator<fuzzer::SizedFile> >&) (/home/robb/Desktop/software-security-2023/lab0x03/libfuzzer/fuzzer_load_png_name+0x44d78) (BuildId: ec158b8a98c4009ef1e61f5a0325b02d6b029bad)
    #6 0xaaaab769533c in fuzzer::Fuzzer::Loop(std::vector<fuzzer::SizedFile, std::allocator<fuzzer::SizedFile> >&) (/home/robb/Desktop/software-security-2023/lab0x03/libfuzzer/fuzzer_load_png_name+0x4533c) (BuildId: ec158b8a98c4009ef1e61f5a0325b02d6b029bad)
    #7 0xaaaab76845f4 in fuzzer::FuzzerDriver(int*, char***, int (*)(unsigned char const*, unsigned long)) (/home/robb/Desktop/software-security-2023/lab0x03/libfuzzer/fuzzer_load_png_name+0x345f4) (BuildId: ec158b8a98c4009ef1e61f5a0325b02d6b029bad)
    #8 0xaaaab76abaec in main (/home/robb/Desktop/software-security-2023/lab0x03/libfuzzer/fuzzer_load_png_name+0x5baec) (BuildId: ec158b8a98c4009ef1e61f5a0325b02d6b029bad)
    #9 0xffff893d73f8 in __libc_start_call_main csu/../sysdeps/nptl/libc_start_call_main.h:58:16
    #10 0xffff893d74c8 in __libc_start_main csu/../csu/libc-start.c:392:3
    #11 0xaaaab767aa2c in _start (/home/robb/Desktop/software-security-2023/lab0x03/libfuzzer/fuzzer_load_png_name+0x2aa2c) (BuildId: ec158b8a98c4009ef1e61f5a0325b02d6b029bad)

AddressSanitizer can not provide additional info.
SUMMARY: AddressSanitizer: SEGV libio/./libio/iofclose.c:48:9 in fclose
==11947==ABORTING
MS: 0 ; base unit: 0000000000000000000000000000000000000000


artifact_prefix='./'; Test unit written to ./crash-da39a3ee5e6b4b0d3255bfef95601890afd80709
Base64: 